<testsuites id="" name="" tests="7" failures="5" skipped="0" errors="0" time="20.591199">
<testsuite name="ContentStudio.spec.ts" timestamp="2026-04-20T16:53:52.584Z" hostname="chromium" tests="1" failures="1" skipped="0" time="1.045" errors="0">
<testcase name="TutorPutor authoring lifecycle › uses the canonical admin route and exercises create, validate, and publish through real APIs" classname="ContentStudio.spec.ts" time="1.045">
<system-out>
<![CDATA[
[[ATTACHMENT|test-results/ContentStudio-TutorPutor-a-3404c-d-publish-through-real-APIs-chromium/test-failed-1.png]]

[[ATTACHMENT|test-results/ContentStudio-TutorPutor-a-3404c-d-publish-through-real-APIs-chromium/video.webm]]

[[ATTACHMENT|test-results/ContentStudio-TutorPutor-a-3404c-d-publish-through-real-APIs-chromium/error-context.md]]

[[ATTACHMENT|test-results/ContentStudio-TutorPutor-a-3404c-d-publish-through-real-APIs-chromium/trace.zip]]
]]>
</system-out>
<failure message="expect(received).toBeTruthy()" type="expect.toBeTruthy">
<![CDATA[  [chromium] › ContentStudio.spec.ts:16:3 › TutorPutor authoring lifecycle › uses the canonical admin route and exercises create, validate, and publish through real APIs 

    Error: expect(received).toBeTruthy()

    Received: undefined

      49 |     const experienceId =
      50 |       createPayload.data?.experience?.id ?? createPayload.data?.id;
    > 51 |     expect(experienceId).toBeTruthy();
         |                          ^
      52 |
      53 |     const claimResponse = await request.post(
      54 |       `${gatewayUrl}/api/content-studio/experiences/${experienceId}/claims`,
        at /Users/samujjwal/Development/ghatana/products/tutorputor/tests/e2e/ContentStudio.spec.ts:51:26

    attachment #1: screenshot (image/png) ──────────────────────────────────────────────────────────
    test-results/ContentStudio-TutorPutor-a-3404c-d-publish-through-real-APIs-chromium/test-failed-1.png
    ────────────────────────────────────────────────────────────────────────────────────────────────

    attachment #2: video (video/webm) ──────────────────────────────────────────────────────────────
    test-results/ContentStudio-TutorPutor-a-3404c-d-publish-through-real-APIs-chromium/video.webm
    ────────────────────────────────────────────────────────────────────────────────────────────────

    Error Context: test-results/ContentStudio-TutorPutor-a-3404c-d-publish-through-real-APIs-chromium/error-context.md

    attachment #4: trace (application/zip) ─────────────────────────────────────────────────────────
    test-results/ContentStudio-TutorPutor-a-3404c-d-publish-through-real-APIs-chromium/trace.zip
    Usage:

        pnpm exec playwright show-trace test-results/ContentStudio-TutorPutor-a-3404c-d-publish-through-real-APIs-chromium/trace.zip

    ────────────────────────────────────────────────────────────────────────────────────────────────
]]>
</failure>
</testcase>
</testsuite>
<testsuite name="LearnerJourney.spec.ts" timestamp="2026-04-20T16:53:52.584Z" hostname="chromium" tests="1" failures="1" skipped="0" time="0.61" errors="0">
<testcase name="TutorPutor learner journey › supports tenant-aware learner sign-in bootstrap and canonical learning surfaces" classname="LearnerJourney.spec.ts" time="0.61">
<system-out>
<![CDATA[
[[ATTACHMENT|test-results/LearnerJourney-TutorPutor--9c240-canonical-learning-surfaces-chromium/test-failed-1.png]]

[[ATTACHMENT|test-results/LearnerJourney-TutorPutor--9c240-canonical-learning-surfaces-chromium/video.webm]]

[[ATTACHMENT|test-results/LearnerJourney-TutorPutor--9c240-canonical-learning-surfaces-chromium/error-context.md]]

[[ATTACHMENT|test-results/LearnerJourney-TutorPutor--9c240-canonical-learning-surfaces-chromium/trace.zip]]
]]>
</system-out>
<failure message="expect(received).toEqual(expected) // deep equality" type="expect.toEqual">
<![CDATA[  [chromium] › LearnerJourney.spec.ts:36:3 › TutorPutor learner journey › supports tenant-aware learner sign-in bootstrap and canonical learning surfaces 

    Error: expect(received).toEqual(expected) // deep equality

    - Expected  - 1
    + Received  + 3

    - Array []
    + Array [
    +   "Calling `require` for \"scheduler\" in an environment that doesn't expose the `require` function. See https://rolldown.rs/in-depth/bundling-cjs#require-external-modules for more details.",
    + ]

      30 |
      31 |   await action();
    > 32 |   expect(errors).toEqual([]);
         |                  ^
      33 | }
      34 |
      35 | test.describe("TutorPutor learner journey", () => {
        at expectNoPageErrors (/Users/samujjwal/Development/ghatana/products/tutorputor/tests/e2e/LearnerJourney.spec.ts:32:18)
        at /Users/samujjwal/Development/ghatana/products/tutorputor/tests/e2e/LearnerJourney.spec.ts:95:5

    attachment #1: screenshot (image/png) ──────────────────────────────────────────────────────────
    test-results/LearnerJourney-TutorPutor--9c240-canonical-learning-surfaces-chromium/test-failed-1.png
    ────────────────────────────────────────────────────────────────────────────────────────────────

    attachment #2: video (video/webm) ──────────────────────────────────────────────────────────────
    test-results/LearnerJourney-TutorPutor--9c240-canonical-learning-surfaces-chromium/video.webm
    ────────────────────────────────────────────────────────────────────────────────────────────────

    Error Context: test-results/LearnerJourney-TutorPutor--9c240-canonical-learning-surfaces-chromium/error-context.md

    attachment #4: trace (application/zip) ─────────────────────────────────────────────────────────
    test-results/LearnerJourney-TutorPutor--9c240-canonical-learning-surfaces-chromium/trace.zip
    Usage:

        pnpm exec playwright show-trace test-results/LearnerJourney-TutorPutor--9c240-canonical-learning-surfaces-chromium/trace.zip

    ────────────────────────────────────────────────────────────────────────────────────────────────
]]>
</failure>
</testcase>
</testsuite>
<testsuite name="smoke.spec.ts" timestamp="2026-04-20T16:53:52.584Z" hostname="chromium" tests="5" failures="3" skipped="0" time="16.259" errors="0">
<testcase name="TutorPutor smoke tests › dashboard shell loads" classname="smoke.spec.ts" time="5.617">
<system-out>
<![CDATA[
[[ATTACHMENT|test-results/smoke-TutorPutor-smoke-tests-dashboard-shell-loads-chromium/test-failed-1.png]]

[[ATTACHMENT|test-results/smoke-TutorPutor-smoke-tests-dashboard-shell-loads-chromium/video.webm]]

[[ATTACHMENT|test-results/smoke-TutorPutor-smoke-tests-dashboard-shell-loads-chromium/error-context.md]]

[[ATTACHMENT|test-results/smoke-TutorPutor-smoke-tests-dashboard-shell-loads-chromium/trace.zip]]
]]>
</system-out>
<failure message="expect(locator).toBeVisible() failed" type="expect.toBeVisible">
<![CDATA[  [chromium] › smoke.spec.ts:12:3 › TutorPutor smoke tests › dashboard shell loads ─────────────────

    Error: expect(locator).toBeVisible() failed

    Locator: locator('nav').first()
    Expected: visible
    Timeout: 5000ms
    Error: element(s) not found

    Call log:
      - Expect "toBeVisible" with timeout 5000ms
      - waiting for locator('nav').first()


       5 |
       6 | async function expectVisibleShell(page: Page): Promise<void> {
    >  7 |   await expect(page.locator("nav").first()).toBeVisible();
         |                                             ^
       8 |   await expect(page.locator("main").first()).toBeVisible();
       9 | }
      10 |
        at expectVisibleShell (/Users/samujjwal/Development/ghatana/products/tutorputor/tests/e2e/smoke.spec.ts:7:45)
        at /Users/samujjwal/Development/ghatana/products/tutorputor/tests/e2e/smoke.spec.ts:16:11

    attachment #1: screenshot (image/png) ──────────────────────────────────────────────────────────
    test-results/smoke-TutorPutor-smoke-tests-dashboard-shell-loads-chromium/test-failed-1.png
    ────────────────────────────────────────────────────────────────────────────────────────────────

    attachment #2: video (video/webm) ──────────────────────────────────────────────────────────────
    test-results/smoke-TutorPutor-smoke-tests-dashboard-shell-loads-chromium/video.webm
    ────────────────────────────────────────────────────────────────────────────────────────────────

    Error Context: test-results/smoke-TutorPutor-smoke-tests-dashboard-shell-loads-chromium/error-context.md

    attachment #4: trace (application/zip) ─────────────────────────────────────────────────────────
    test-results/smoke-TutorPutor-smoke-tests-dashboard-shell-loads-chromium/trace.zip
    Usage:

        pnpm exec playwright show-trace test-results/smoke-TutorPutor-smoke-tests-dashboard-shell-loads-chromium/trace.zip

    ────────────────────────────────────────────────────────────────────────────────────────────────
]]>
</failure>
</testcase>
<testcase name="TutorPutor smoke tests › shared login entrypoint loads" classname="smoke.spec.ts" time="5.208">
<system-out>
<![CDATA[
[[ATTACHMENT|test-results/smoke-TutorPutor-smoke-tests-shared-login-entrypoint-loads-chromium/test-failed-1.png]]

[[ATTACHMENT|test-results/smoke-TutorPutor-smoke-tests-shared-login-entrypoint-loads-chromium/video.webm]]

[[ATTACHMENT|test-results/smoke-TutorPutor-smoke-tests-shared-login-entrypoint-loads-chromium/error-context.md]]

[[ATTACHMENT|test-results/smoke-TutorPutor-smoke-tests-shared-login-entrypoint-loads-chromium/trace.zip]]
]]>
</system-out>
<failure message="expect(locator).toBeVisible() failed" type="expect.toBeVisible">
<![CDATA[  [chromium] › smoke.spec.ts:19:3 › TutorPutor smoke tests › shared login entrypoint loads ─────────

    Error: expect(locator).toBeVisible() failed

    Locator: getByRole('heading', { name: 'Sign in to TutorPutor' })
    Expected: visible
    Timeout: 5000ms
    Error: element(s) not found

    Call log:
      - Expect "toBeVisible" with timeout 5000ms
      - waiting for getByRole('heading', { name: 'Sign in to TutorPutor' })


      23 |     await expect(
      24 |       page.getByRole("heading", { name: "Sign in to TutorPutor" }),
    > 25 |     ).toBeVisible();
         |       ^
      26 |   });
      27 |
      28 |   test("AI tutor page loads from the canonical route", async ({ page }) => {
        at /Users/samujjwal/Development/ghatana/products/tutorputor/tests/e2e/smoke.spec.ts:25:7

    attachment #1: screenshot (image/png) ──────────────────────────────────────────────────────────
    test-results/smoke-TutorPutor-smoke-tests-shared-login-entrypoint-loads-chromium/test-failed-1.png
    ────────────────────────────────────────────────────────────────────────────────────────────────

    attachment #2: video (video/webm) ──────────────────────────────────────────────────────────────
    test-results/smoke-TutorPutor-smoke-tests-shared-login-entrypoint-loads-chromium/video.webm
    ────────────────────────────────────────────────────────────────────────────────────────────────

    Error Context: test-results/smoke-TutorPutor-smoke-tests-shared-login-entrypoint-loads-chromium/error-context.md

    attachment #4: trace (application/zip) ─────────────────────────────────────────────────────────
    test-results/smoke-TutorPutor-smoke-tests-shared-login-entrypoint-loads-chromium/trace.zip
    Usage:

        pnpm exec playwright show-trace test-results/smoke-TutorPutor-smoke-tests-shared-login-entrypoint-loads-chromium/trace.zip

    ────────────────────────────────────────────────────────────────────────────────────────────────
]]>
</failure>
</testcase>
<testcase name="TutorPutor smoke tests › AI tutor page loads from the canonical route" classname="smoke.spec.ts" time="5.23">
<system-out>
<![CDATA[
[[ATTACHMENT|test-results/smoke-TutorPutor-smoke-tes-f408f-ds-from-the-canonical-route-chromium/test-failed-1.png]]

[[ATTACHMENT|test-results/smoke-TutorPutor-smoke-tes-f408f-ds-from-the-canonical-route-chromium/video.webm]]

[[ATTACHMENT|test-results/smoke-TutorPutor-smoke-tes-f408f-ds-from-the-canonical-route-chromium/error-context.md]]

[[ATTACHMENT|test-results/smoke-TutorPutor-smoke-tes-f408f-ds-from-the-canonical-route-chromium/trace.zip]]
]]>
</system-out>
<failure message="expect(locator).toBeVisible() failed" type="expect.toBeVisible">
<![CDATA[  [chromium] › smoke.spec.ts:28:3 › TutorPutor smoke tests › AI tutor page loads from the canonical route 

    Error: expect(locator).toBeVisible() failed

    Locator: locator('nav').first()
    Expected: visible
    Timeout: 5000ms
    Error: element(s) not found

    Call log:
      - Expect "toBeVisible" with timeout 5000ms
      - waiting for locator('nav').first()


       5 |
       6 | async function expectVisibleShell(page: Page): Promise<void> {
    >  7 |   await expect(page.locator("nav").first()).toBeVisible();
         |                                             ^
       8 |   await expect(page.locator("main").first()).toBeVisible();
       9 | }
      10 |
        at expectVisibleShell (/Users/samujjwal/Development/ghatana/products/tutorputor/tests/e2e/smoke.spec.ts:7:45)
        at /Users/samujjwal/Development/ghatana/products/tutorputor/tests/e2e/smoke.spec.ts:32:11

    attachment #1: screenshot (image/png) ──────────────────────────────────────────────────────────
    test-results/smoke-TutorPutor-smoke-tes-f408f-ds-from-the-canonical-route-chromium/test-failed-1.png
    ────────────────────────────────────────────────────────────────────────────────────────────────

    attachment #2: video (video/webm) ──────────────────────────────────────────────────────────────
    test-results/smoke-TutorPutor-smoke-tes-f408f-ds-from-the-canonical-route-chromium/video.webm
    ────────────────────────────────────────────────────────────────────────────────────────────────

    Error Context: test-results/smoke-TutorPutor-smoke-tes-f408f-ds-from-the-canonical-route-chromium/error-context.md

    attachment #4: trace (application/zip) ─────────────────────────────────────────────────────────
    test-results/smoke-TutorPutor-smoke-tes-f408f-ds-from-the-canonical-route-chromium/trace.zip
    Usage:

        pnpm exec playwright show-trace test-results/smoke-TutorPutor-smoke-tes-f408f-ds-from-the-canonical-route-chromium/trace.zip

    ────────────────────────────────────────────────────────────────────────────────────────────────
]]>
</failure>
</testcase>
<testcase name="TutorPutor smoke tests › platform health endpoint is available" classname="smoke.spec.ts" time="0.024">
</testcase>
<testcase name="TutorPutor smoke tests › unknown routes do not resolve to retired learner flows" classname="smoke.spec.ts" time="0.18">
</testcase>
</testsuite>
</testsuites>